-encoding
UTF-8
-source
1.6
-target
1.6
-classpath
/home/tony/.m2/repository/log4j/log4j/1.2.17/log4j-1.2.17.jar:/home/tony/.m2/repository/com/github/inspektr/inspektr-audit/1.0.7.GA/inspektr-audit-1.0.7.GA.jar:/home/tony/.m2/repository/org/jasig/service/persondir/person-directory-impl/1.5.1/person-directory-impl-1.5.1.jar:/home/tony/.m2/repository/commons-codec/commons-codec/1.7/commons-codec-1.7.jar:/home/tony/.m2/repository/org/springframework/spring-orm/3.2.6.RELEASE/spring-orm-3.2.6.RELEASE.jar:/home/tony/.m2/repository/org/springframework/spring-jdbc/3.2.6.RELEASE/spring-jdbc-3.2.6.RELEASE.jar:/home/tony/.m2/repository/org/springframework/spring-core/3.2.6.RELEASE/spring-core-3.2.6.RELEASE.jar:/home/tony/.m2/repository/org/springframework/spring-beans/3.2.6.RELEASE/spring-beans-3.2.6.RELEASE.jar:/home/tony/.m2/repository/org/springframework/spring-webmvc/3.2.6.RELEASE/spring-webmvc-3.2.6.RELEASE.jar:/home/tony/.m2/repository/org/springframework/spring-context-support/3.2.6.RELEASE/spring-context-support-3.2.6.RELEASE.jar:/home/tony/.m2/repository/org/springframework/spring-tx/3.2.6.RELEASE/spring-tx-3.2.6.RELEASE.jar:/home/tony/.m2/repository/org/springframework/spring-context/3.2.6.RELEASE/spring-context-3.2.6.RELEASE.jar:/home/tony/.m2/repository/org/springframework/security/spring-security-core/3.2.0.RELEASE/spring-security-core-3.2.0.RELEASE.jar:/home/tony/.m2/repository/org/hsqldb/hsqldb/2.0.0/hsqldb-2.0.0.jar:/home/tony/.m2/repository/org/hibernate/hibernate-validator/4.2.0.Final/hibernate-validator-4.2.0.Final.jar:/home/tony/.m2/repository/org/hibernate/hibernate-core/4.1.0.Final/hibernate-core-4.1.0.Final.jar:/home/tony/.m2/repository/org/hibernate/hibernate-entitymanager/4.1.0.Final/hibernate-entitymanager-4.1.0.Final.jar:/home/tony/.m2/repository/javassist/javassist/3.12.1.GA/javassist-3.12.1.GA.jar:/home/tony/.m2/repository/org/perf4j/perf4j/0.9.16/perf4j-0.9.16-log4jonly.jar:/home/tony/.m2/repository/org/springframework/webflow/spring-webflow/2.3.2.RELEASE/spring-webflow-2.3.2.RELEASE.jar:/home/tony/.m2/repository/commons-jexl/commons-jexl/1.1/commons-jexl-1.1.jar:/home/tony/.m2/repository/commons-io/commons-io/2.4/commons-io-2.4.jar:/home/tony/.m2/repository/joda-time/joda-time/2.2/joda-time-2.2.jar:/home/tony/.m2/repository/org/opensymphony/quartz/quartz/1.6.1/quartz-1.6.1.jar:/home/tony/.m2/repository/com/github/inspektr/inspektr-support-spring/1.0.7.GA/inspektr-support-spring-1.0.7.GA.jar:/home/tony/.m2/repository/junit/junit/4.11/junit-4.11.jar:/home/tony/.m2/repository/org/mockito/mockito-core/1.9.5/mockito-core-1.9.5.jar:/home/tony/.m2/repository/org/springframework/spring-test/3.2.6.RELEASE/spring-test-3.2.6.RELEASE.jar:/home/tony/.m2/repository/javax/servlet/servlet-api/2.5/servlet-api-2.5.jar:/home/tony/.m2/repository/org/aspectj/aspectjrt/1.7.2/aspectjrt-1.7.2.jar:/home/tony/.m2/repository/org/aspectj/aspectjweaver/1.7.2/aspectjweaver-1.7.2.jar:/home/tony/.m2/repository/javax/validation/validation-api/1.0.0.GA/validation-api-1.0.0.GA.jar:/home/tony/.m2/repository/org/slf4j/slf4j-api/1.7.5/slf4j-api-1.7.5.jar:/home/tony/.m2/repository/org/slf4j/slf4j-log4j12/1.7.5/slf4j-log4j12-1.7.5.jar:/home/tony/.m2/repository/org/slf4j/jcl-over-slf4j/1.7.5/jcl-over-slf4j-1.7.5.jar:/home/tony/.m2/repository/com/github/inspektr/inspektr-common/1.0.7.GA/inspektr-common-1.0.7.GA.jar:/home/tony/.m2/repository/aopalliance/aopalliance/1.0/aopalliance-1.0.jar:/home/tony/.m2/repository/com/sun/xml/bind/jaxb-impl/2.2/jaxb-impl-2.2.jar:/home/tony/.m2/repository/javax/xml/bind/jaxb-api/2.2/jaxb-api-2.2.jar:/home/tony/.m2/repository/javax/xml/stream/stax-api/1.0-2/stax-api-1.0-2.jar:/home/tony/.m2/repository/javax/activation/activation/1.1/activation-1.1.jar:/home/tony/.m2/repository/commons-collections/commons-collections/3.2.1/commons-collections-3.2.1.jar:/home/tony/.m2/repository/commons-lang/commons-lang/2.5/commons-lang-2.5.jar:/home/tony/.m2/repository/org/jasig/service/persondir/person-directory-api/1.5.1/person-directory-api-1.5.1.jar:/home/tony/.m2/repository/org/springframework/spring-expression/3.2.6.RELEASE/spring-expression-3.2.6.RELEASE.jar:/home/tony/.m2/repository/org/springframework/spring-web/3.2.6.RELEASE/spring-web-3.2.6.RELEASE.jar:/home/tony/.m2/repository/org/springframework/spring-aop/3.2.6.RELEASE/spring-aop-3.2.6.RELEASE.jar:/home/tony/.m2/repository/antlr/antlr/2.7.7/antlr-2.7.7.jar:/home/tony/.m2/repository/org/jboss/spec/javax/transaction/jboss-transaction-api_1.1_spec/1.0.0.Final/jboss-transaction-api_1.1_spec-1.0.0.Final.jar:/home/tony/.m2/repository/dom4j/dom4j/1.6.1/dom4j-1.6.1.jar:/home/tony/.m2/repository/xml-apis/xml-apis/1.0.b2/xml-apis-1.0.b2.jar:/home/tony/.m2/repository/org/hibernate/javax/persistence/hibernate-jpa-2.0-api/1.0.1.Final/hibernate-jpa-2.0-api-1.0.1.Final.jar:/home/tony/.m2/repository/org/jboss/logging/jboss-logging/3.1.0.CR2/jboss-logging-3.1.0.CR2.jar:/home/tony/.m2/repository/org/javassist/javassist/3.15.0-GA/javassist-3.15.0-GA.jar:/home/tony/.m2/repository/org/hibernate/common/hibernate-commons-annotations/4.0.1.Final/hibernate-commons-annotations-4.0.1.Final.jar:/home/tony/.m2/repository/org/springframework/webflow/spring-binding/2.3.2.RELEASE/spring-binding-2.3.2.RELEASE.jar:/home/tony/.m2/repository/org/springframework/webflow/spring-js/2.3.2.RELEASE/spring-js-2.3.2.RELEASE.jar:/home/tony/.m2/repository/org/springframework/webflow/spring-js-resources/2.3.2.RELEASE/spring-js-resources-2.3.2.RELEASE.jar:/home/tony/sohu/jasigcas/cas-server-4.0.0/cas-server-core/target/classes
-d
/home/tony/sohu/jasigcas/cas-server-4.0.0/cas-server-core/target/classes
/home/tony/sohu/jasigcas/cas-server-4.0.0/cas-server-core/src/main/java/org/jasig/cas/Message.java
/home/tony/sohu/jasigcas/cas-server-4.0.0/cas-server-core/src/main/java/org/jasig/cas/CentralAuthenticationServiceImpl.java
/home/tony/sohu/jasigcas/cas-server-4.0.0/cas-server-core/src/main/java/org/jasig/cas/services/RegexRegisteredService.java
/home/tony/sohu/jasigcas/cas-server-4.0.0/cas-server-core/src/main/java/org/jasig/cas/services/ServiceContext.java
/home/tony/sohu/jasigcas/cas-server-4.0.0/cas-server-core/src/main/java/org/jasig/cas/services/jmx/ReloadableServicesManagerMBean.java
/home/tony/sohu/jasigcas/cas-server-4.0.0/cas-server-core/src/main/java/org/jasig/cas/services/jmx/ServicesManagerMBean.java
/home/tony/sohu/jasigcas/cas-server-4.0.0/cas-server-core/src/main/java/org/jasig/cas/services/jmx/AbstractServicesManagerMBean.java
/home/tony/sohu/jasigcas/cas-server-4.0.0/cas-server-core/src/main/java/org/jasig/cas/services/RegisteredService.java
/home/tony/sohu/jasigcas/cas-server-4.0.0/cas-server-core/src/main/java/org/jasig/cas/services/RegisteredServiceAttributeFilter.java
/home/tony/sohu/jasigcas/cas-server-4.0.0/cas-server-core/src/main/java/org/jasig/cas/services/ServiceRegistryDao.java
/home/tony/sohu/jasigcas/cas-server-4.0.0/cas-server-core/src/main/java/org/jasig/cas/services/RegisteredServiceImpl.java
/home/tony/sohu/jasigcas/cas-server-4.0.0/cas-server-core/src/main/java/org/jasig/cas/services/support/RegisteredServiceRegexAttributeFilter.java
/home/tony/sohu/jasigcas/cas-server-4.0.0/cas-server-core/src/main/java/org/jasig/cas/services/support/RegisteredServiceDefaultAttributeFilter.java
/home/tony/sohu/jasigcas/cas-server-4.0.0/cas-server-core/src/main/java/org/jasig/cas/services/ReloadableServicesManager.java
/home/tony/sohu/jasigcas/cas-server-4.0.0/cas-server-core/src/main/java/org/jasig/cas/services/DefaultServicesManagerImpl.java
/home/tony/sohu/jasigcas/cas-server-4.0.0/cas-server-core/src/main/java/org/jasig/cas/services/ServicesManager.java
/home/tony/sohu/jasigcas/cas-server-4.0.0/cas-server-core/src/main/java/org/jasig/cas/services/LogoutType.java
/home/tony/sohu/jasigcas/cas-server-4.0.0/cas-server-core/src/main/java/org/jasig/cas/services/UnauthorizedSsoServiceException.java
/home/tony/sohu/jasigcas/cas-server-4.0.0/cas-server-core/src/main/java/org/jasig/cas/services/JpaServiceRegistryDaoImpl.java
/home/tony/sohu/jasigcas/cas-server-4.0.0/cas-server-core/src/main/java/org/jasig/cas/services/AbstractRegisteredService.java
/home/tony/sohu/jasigcas/cas-server-4.0.0/cas-server-core/src/main/java/org/jasig/cas/services/InMemoryServiceRegistryDaoImpl.java
/home/tony/sohu/jasigcas/cas-server-4.0.0/cas-server-core/src/main/java/org/jasig/cas/services/UnauthorizedProxyingException.java
/home/tony/sohu/jasigcas/cas-server-4.0.0/cas-server-core/src/main/java/org/jasig/cas/services/UnauthorizedServiceException.java
/home/tony/sohu/jasigcas/cas-server-4.0.0/cas-server-core/src/main/java/org/jasig/cas/validation/ValidationSpecification.java
/home/tony/sohu/jasigcas/cas-server-4.0.0/cas-server-core/src/main/java/org/jasig/cas/validation/ImmutableAssertion.java
/home/tony/sohu/jasigcas/cas-server-4.0.0/cas-server-core/src/main/java/org/jasig/cas/validation/Cas20WithoutProxyingValidationSpecification.java
/home/tony/sohu/jasigcas/cas-server-4.0.0/cas-server-core/src/main/java/org/jasig/cas/validation/AbstractCasProtocolValidationSpecification.java
/home/tony/sohu/jasigcas/cas-server-4.0.0/cas-server-core/src/main/java/org/jasig/cas/validation/Cas20ProtocolValidationSpecification.java
/home/tony/sohu/jasigcas/cas-server-4.0.0/cas-server-core/src/main/java/org/jasig/cas/validation/Assertion.java
/home/tony/sohu/jasigcas/cas-server-4.0.0/cas-server-core/src/main/java/org/jasig/cas/validation/Cas10ProtocolValidationSpecification.java
/home/tony/sohu/jasigcas/cas-server-4.0.0/cas-server-core/src/main/java/org/jasig/cas/web/flow/AuthenticationExceptionHandler.java
/home/tony/sohu/jasigcas/cas-server-4.0.0/cas-server-core/src/main/java/org/jasig/cas/web/flow/AuthenticationViaFormAction.java
/home/tony/sohu/jasigcas/cas-server-4.0.0/cas-server-core/src/main/java/org/jasig/cas/web/flow/AbstractNonInteractiveCredentialsAction.java
/home/tony/sohu/jasigcas/cas-server-4.0.0/cas-server-core/src/main/java/org/jasig/cas/web/support/ArgumentExtractor.java
/home/tony/sohu/jasigcas/cas-server-4.0.0/cas-server-core/src/main/java/org/jasig/cas/web/support/CasArgumentExtractor.java
/home/tony/sohu/jasigcas/cas-server-4.0.0/cas-server-core/src/main/java/org/jasig/cas/web/support/AbstractArgumentExtractor.java
/home/tony/sohu/jasigcas/cas-server-4.0.0/cas-server-core/src/main/java/org/jasig/cas/web/support/WebUtils.java
/home/tony/sohu/jasigcas/cas-server-4.0.0/cas-server-core/src/main/java/org/jasig/cas/web/bind/CredentialsBinder.java
/home/tony/sohu/jasigcas/cas-server-4.0.0/cas-server-core/src/main/java/org/jasig/cas/web/view/AbstractCasView.java
/home/tony/sohu/jasigcas/cas-server-4.0.0/cas-server-core/src/main/java/org/jasig/cas/web/DelegateController.java
/home/tony/sohu/jasigcas/cas-server-4.0.0/cas-server-core/src/main/java/org/jasig/cas/web/init/SafeDispatcherServlet.java
/home/tony/sohu/jasigcas/cas-server-4.0.0/cas-server-core/src/main/java/org/jasig/cas/web/init/SafeContextLoaderListener.java
/home/tony/sohu/jasigcas/cas-server-4.0.0/cas-server-core/src/main/java/org/jasig/cas/CasVersion.java
/home/tony/sohu/jasigcas/cas-server-4.0.0/cas-server-core/src/main/java/org/jasig/cas/remoting/server/RemoteCentralAuthenticationService.java
/home/tony/sohu/jasigcas/cas-server-4.0.0/cas-server-core/src/main/java/org/jasig/cas/aspect/LogAspect.java
/home/tony/sohu/jasigcas/cas-server-4.0.0/cas-server-core/src/main/java/org/jasig/cas/monitor/Monitor.java
/home/tony/sohu/jasigcas/cas-server-4.0.0/cas-server-core/src/main/java/org/jasig/cas/monitor/TicketRegistryState.java
/home/tony/sohu/jasigcas/cas-server-4.0.0/cas-server-core/src/main/java/org/jasig/cas/monitor/CacheStatistics.java
/home/tony/sohu/jasigcas/cas-server-4.0.0/cas-server-core/src/main/java/org/jasig/cas/monitor/AbstractNamedMonitor.java
/home/tony/sohu/jasigcas/cas-server-4.0.0/cas-server-core/src/main/java/org/jasig/cas/monitor/HealthStatus.java
/home/tony/sohu/jasigcas/cas-server-4.0.0/cas-server-core/src/main/java/org/jasig/cas/monitor/SimpleCacheStatistics.java
/home/tony/sohu/jasigcas/cas-server-4.0.0/cas-server-core/src/main/java/org/jasig/cas/monitor/CacheStatus.java
/home/tony/sohu/jasigcas/cas-server-4.0.0/cas-server-core/src/main/java/org/jasig/cas/monitor/DataSourceMonitor.java
/home/tony/sohu/jasigcas/cas-server-4.0.0/cas-server-core/src/main/java/org/jasig/cas/monitor/SessionMonitor.java
/home/tony/sohu/jasigcas/cas-server-4.0.0/cas-server-core/src/main/java/org/jasig/cas/monitor/Status.java
/home/tony/sohu/jasigcas/cas-server-4.0.0/cas-server-core/src/main/java/org/jasig/cas/monitor/AbstractPoolMonitor.java
/home/tony/sohu/jasigcas/cas-server-4.0.0/cas-server-core/src/main/java/org/jasig/cas/monitor/PoolStatus.java
/home/tony/sohu/jasigcas/cas-server-4.0.0/cas-server-core/src/main/java/org/jasig/cas/monitor/MemoryMonitor.java
/home/tony/sohu/jasigcas/cas-server-4.0.0/cas-server-core/src/main/java/org/jasig/cas/monitor/MemoryStatus.java
/home/tony/sohu/jasigcas/cas-server-4.0.0/cas-server-core/src/main/java/org/jasig/cas/monitor/SessionStatus.java
/home/tony/sohu/jasigcas/cas-server-4.0.0/cas-server-core/src/main/java/org/jasig/cas/monitor/StatusCode.java
/home/tony/sohu/jasigcas/cas-server-4.0.0/cas-server-core/src/main/java/org/jasig/cas/monitor/AbstractCacheMonitor.java
/home/tony/sohu/jasigcas/cas-server-4.0.0/cas-server-core/src/main/java/org/jasig/cas/monitor/HealthCheckMonitor.java
/home/tony/sohu/jasigcas/cas-server-4.0.0/cas-server-core/src/main/java/org/jasig/cas/CentralAuthenticationService.java
/home/tony/sohu/jasigcas/cas-server-4.0.0/cas-server-core/src/main/java/org/jasig/cas/authentication/ContextualAuthenticationPolicy.java
/home/tony/sohu/jasigcas/cas-server-4.0.0/cas-server-core/src/main/java/org/jasig/cas/authentication/principal/SimpleWebApplicationServiceImpl.java
/home/tony/sohu/jasigcas/cas-server-4.0.0/cas-server-core/src/main/java/org/jasig/cas/authentication/principal/AbstractWebApplicationService.java
/home/tony/sohu/jasigcas/cas-server-4.0.0/cas-server-core/src/main/java/org/jasig/cas/authentication/principal/ShibbolethCompatiblePersistentIdGenerator.java
/home/tony/sohu/jasigcas/cas-server-4.0.0/cas-server-core/src/main/java/org/jasig/cas/authentication/principal/WebApplicationService.java
/home/tony/sohu/jasigcas/cas-server-4.0.0/cas-server-core/src/main/java/org/jasig/cas/authentication/principal/Response.java
/home/tony/sohu/jasigcas/cas-server-4.0.0/cas-server-core/src/main/java/org/jasig/cas/authentication/principal/RememberMeAuthenticationMetaDataPopulator.java
/home/tony/sohu/jasigcas/cas-server-4.0.0/cas-server-core/src/main/java/org/jasig/cas/authentication/principal/SimplePrincipal.java
/home/tony/sohu/jasigcas/cas-server-4.0.0/cas-server-core/src/main/java/org/jasig/cas/authentication/principal/PrincipalResolver.java
/home/tony/sohu/jasigcas/cas-server-4.0.0/cas-server-core/src/main/java/org/jasig/cas/authentication/principal/PersonDirectoryPrincipalResolver.java
/home/tony/sohu/jasigcas/cas-server-4.0.0/cas-server-core/src/main/java/org/jasig/cas/authentication/principal/Principal.java
/home/tony/sohu/jasigcas/cas-server-4.0.0/cas-server-core/src/main/java/org/jasig/cas/authentication/principal/BasicPrincipalResolver.java
/home/tony/sohu/jasigcas/cas-server-4.0.0/cas-server-core/src/main/java/org/jasig/cas/authentication/principal/SingleLogoutService.java
/home/tony/sohu/jasigcas/cas-server-4.0.0/cas-server-core/src/main/java/org/jasig/cas/authentication/principal/Service.java
/home/tony/sohu/jasigcas/cas-server-4.0.0/cas-server-core/src/main/java/org/jasig/cas/authentication/principal/PersistentIdGenerator.java
/home/tony/sohu/jasigcas/cas-server-4.0.0/cas-server-core/src/main/java/org/jasig/cas/authentication/principal/ChainingPrincipalResolver.java
/home/tony/sohu/jasigcas/cas-server-4.0.0/cas-server-core/src/main/java/org/jasig/cas/authentication/SuccessfulHandlerMetaDataPopulator.java
/home/tony/sohu/jasigcas/cas-server-4.0.0/cas-server-core/src/main/java/org/jasig/cas/authentication/NotPreventedAuthenticationPolicy.java
/home/tony/sohu/jasigcas/cas-server-4.0.0/cas-server-core/src/main/java/org/jasig/cas/authentication/AllAuthenticationPolicy.java
/home/tony/sohu/jasigcas/cas-server-4.0.0/cas-server-core/src/main/java/org/jasig/cas/authentication/AnyAuthenticationPolicy.java
/home/tony/sohu/jasigcas/cas-server-4.0.0/cas-server-core/src/main/java/org/jasig/cas/authentication/AuthenticationManager.java
/home/tony/sohu/jasigcas/cas-server-4.0.0/cas-server-core/src/main/java/org/jasig/cas/authentication/AuthenticationPolicy.java
/home/tony/sohu/jasigcas/cas-server-4.0.0/cas-server-core/src/main/java/org/jasig/cas/authentication/HttpBasedServiceCredential.java
/home/tony/sohu/jasigcas/cas-server-4.0.0/cas-server-core/src/main/java/org/jasig/cas/authentication/AuthenticationBuilder.java
/home/tony/sohu/jasigcas/cas-server-4.0.0/cas-server-core/src/main/java/org/jasig/cas/authentication/InvalidLoginLocationException.java
/home/tony/sohu/jasigcas/cas-server-4.0.0/cas-server-core/src/main/java/org/jasig/cas/authentication/ImmutableAuthentication.java
/home/tony/sohu/jasigcas/cas-server-4.0.0/cas-server-core/src/main/java/org/jasig/cas/authentication/UnresolvedPrincipalException.java
/home/tony/sohu/jasigcas/cas-server-4.0.0/cas-server-core/src/main/java/org/jasig/cas/authentication/AcceptAnyAuthenticationPolicyFactory.java
/home/tony/sohu/jasigcas/cas-server-4.0.0/cas-server-core/src/main/java/org/jasig/cas/authentication/RequiredHandlerAuthenticationPolicy.java
/home/tony/sohu/jasigcas/cas-server-4.0.0/cas-server-core/src/main/java/org/jasig/cas/authentication/PolicyBasedAuthenticationManager.java
/home/tony/sohu/jasigcas/cas-server-4.0.0/cas-server-core/src/main/java/org/jasig/cas/authentication/PreventedException.java
/home/tony/sohu/jasigcas/cas-server-4.0.0/cas-server-core/src/main/java/org/jasig/cas/authentication/MixedPrincipalException.java
/home/tony/sohu/jasigcas/cas-server-4.0.0/cas-server-core/src/main/java/org/jasig/cas/authentication/RootCasException.java
/home/tony/sohu/jasigcas/cas-server-4.0.0/cas-server-core/src/main/java/org/jasig/cas/authentication/AbstractCredential.java
/home/tony/sohu/jasigcas/cas-server-4.0.0/cas-server-core/src/main/java/org/jasig/cas/authentication/OneTimePasswordCredential.java
/home/tony/sohu/jasigcas/cas-server-4.0.0/cas-server-core/src/main/java/org/jasig/cas/authentication/RememberMeUsernamePasswordCredential.java
/home/tony/sohu/jasigcas/cas-server-4.0.0/cas-server-core/src/main/java/org/jasig/cas/authentication/Authentication.java
/home/tony/sohu/jasigcas/cas-server-4.0.0/cas-server-core/src/main/java/org/jasig/cas/authentication/support/PasswordExpiringWarningMessage.java
/home/tony/sohu/jasigcas/cas-server-4.0.0/cas-server-core/src/main/java/org/jasig/cas/authentication/support/PasswordPolicyConfiguration.java
/home/tony/sohu/jasigcas/cas-server-4.0.0/cas-server-core/src/main/java/org/jasig/cas/authentication/RequiredHandlerAuthenticationPolicyFactory.java
/home/tony/sohu/jasigcas/cas-server-4.0.0/cas-server-core/src/main/java/org/jasig/cas/authentication/BasicCredentialMetaData.java
/home/tony/sohu/jasigcas/cas-server-4.0.0/cas-server-core/src/main/java/org/jasig/cas/authentication/AccountPasswordMustChangeException.java
/home/tony/sohu/jasigcas/cas-server-4.0.0/cas-server-core/src/main/java/org/jasig/cas/authentication/ContextualAuthenticationPolicyFactory.java
/home/tony/sohu/jasigcas/cas-server-4.0.0/cas-server-core/src/main/java/org/jasig/cas/authentication/CredentialMetaData.java
/home/tony/sohu/jasigcas/cas-server-4.0.0/cas-server-core/src/main/java/org/jasig/cas/authentication/AuthenticationMetaDataPopulator.java
/home/tony/sohu/jasigcas/cas-server-4.0.0/cas-server-core/src/main/java/org/jasig/cas/authentication/HandlerResult.java
/home/tony/sohu/jasigcas/cas-server-4.0.0/cas-server-core/src/main/java/org/jasig/cas/authentication/RememberMeCredential.java
/home/tony/sohu/jasigcas/cas-server-4.0.0/cas-server-core/src/main/java/org/jasig/cas/authentication/handler/BlockedCredentialsAuthenticationException.java
/home/tony/sohu/jasigcas/cas-server-4.0.0/cas-server-core/src/main/java/org/jasig/cas/authentication/handler/PlainTextPasswordEncoder.java
/home/tony/sohu/jasigcas/cas-server-4.0.0/cas-server-core/src/main/java/org/jasig/cas/authentication/handler/DefaultPasswordEncoder.java
/home/tony/sohu/jasigcas/cas-server-4.0.0/cas-server-core/src/main/java/org/jasig/cas/authentication/handler/UncategorizedAuthenticationException.java
/home/tony/sohu/jasigcas/cas-server-4.0.0/cas-server-core/src/main/java/org/jasig/cas/authentication/handler/UnsupportedCredentialsException.java
/home/tony/sohu/jasigcas/cas-server-4.0.0/cas-server-core/src/main/java/org/jasig/cas/authentication/handler/NoOpPrincipalNameTransformer.java
/home/tony/sohu/jasigcas/cas-server-4.0.0/cas-server-core/src/main/java/org/jasig/cas/authentication/handler/PasswordEncoder.java
/home/tony/sohu/jasigcas/cas-server-4.0.0/cas-server-core/src/main/java/org/jasig/cas/authentication/handler/support/AbstractUsernamePasswordAuthenticationHandler.java
/home/tony/sohu/jasigcas/cas-server-4.0.0/cas-server-core/src/main/java/org/jasig/cas/authentication/handler/support/JaasAuthenticationHandler.java
/home/tony/sohu/jasigcas/cas-server-4.0.0/cas-server-core/src/main/java/org/jasig/cas/authentication/handler/support/HttpBasedServiceCredentialsAuthenticationHandler.java
/home/tony/sohu/jasigcas/cas-server-4.0.0/cas-server-core/src/main/java/org/jasig/cas/authentication/handler/support/AbstractPreAndPostProcessingAuthenticationHandler.java
/home/tony/sohu/jasigcas/cas-server-4.0.0/cas-server-core/src/main/java/org/jasig/cas/authentication/handler/PrincipalNameTransformer.java
/home/tony/sohu/jasigcas/cas-server-4.0.0/cas-server-core/src/main/java/org/jasig/cas/authentication/handler/BadUsernameOrPasswordAuthenticationException.java
/home/tony/sohu/jasigcas/cas-server-4.0.0/cas-server-core/src/main/java/org/jasig/cas/authentication/handler/BadCredentialsAuthenticationException.java
/home/tony/sohu/jasigcas/cas-server-4.0.0/cas-server-core/src/main/java/org/jasig/cas/authentication/handler/PrefixSuffixPrincipalNameTransformer.java
/home/tony/sohu/jasigcas/cas-server-4.0.0/cas-server-core/src/main/java/org/jasig/cas/authentication/handler/AuthenticationException.java
/home/tony/sohu/jasigcas/cas-server-4.0.0/cas-server-core/src/main/java/org/jasig/cas/authentication/handler/BadPasswordAuthenticationException.java
/home/tony/sohu/jasigcas/cas-server-4.0.0/cas-server-core/src/main/java/org/jasig/cas/authentication/handler/UnknownUsernameAuthenticationException.java
/home/tony/sohu/jasigcas/cas-server-4.0.0/cas-server-core/src/main/java/org/jasig/cas/authentication/AuthenticationException.java
/home/tony/sohu/jasigcas/cas-server-4.0.0/cas-server-core/src/main/java/org/jasig/cas/authentication/AbstractAuthenticationHandler.java
/home/tony/sohu/jasigcas/cas-server-4.0.0/cas-server-core/src/main/java/org/jasig/cas/authentication/AcceptUsersAuthenticationHandler.java
/home/tony/sohu/jasigcas/cas-server-4.0.0/cas-server-core/src/main/java/org/jasig/cas/authentication/Credential.java
/home/tony/sohu/jasigcas/cas-server-4.0.0/cas-server-core/src/main/java/org/jasig/cas/authentication/UsernamePasswordCredential.java
/home/tony/sohu/jasigcas/cas-server-4.0.0/cas-server-core/src/main/java/org/jasig/cas/authentication/InvalidLoginTimeException.java
/home/tony/sohu/jasigcas/cas-server-4.0.0/cas-server-core/src/main/java/org/jasig/cas/authentication/AuthenticationHandler.java
/home/tony/sohu/jasigcas/cas-server-4.0.0/cas-server-core/src/main/java/org/jasig/cas/authentication/AccountDisabledException.java
/home/tony/sohu/jasigcas/cas-server-4.0.0/cas-server-core/src/main/java/org/jasig/cas/authentication/PrincipalException.java
/home/tony/sohu/jasigcas/cas-server-4.0.0/cas-server-core/src/main/java/org/jasig/cas/audit/spi/ServiceResourceResolver.java
/home/tony/sohu/jasigcas/cas-server-4.0.0/cas-server-core/src/main/java/org/jasig/cas/audit/spi/TicketAsFirstParameterResourceResolver.java
/home/tony/sohu/jasigcas/cas-server-4.0.0/cas-server-core/src/main/java/org/jasig/cas/audit/spi/TicketOrCredentialPrincipalResolver.java
/home/tony/sohu/jasigcas/cas-server-4.0.0/cas-server-core/src/main/java/org/jasig/cas/audit/spi/ServiceManagementResourceResolver.java
/home/tony/sohu/jasigcas/cas-server-4.0.0/cas-server-core/src/main/java/org/jasig/cas/audit/spi/CredentialsAsFirstParameterResourceResolver.java
/home/tony/sohu/jasigcas/cas-server-4.0.0/cas-server-core/src/main/java/org/jasig/cas/ticket/TicketException.java
/home/tony/sohu/jasigcas/cas-server-4.0.0/cas-server-core/src/main/java/org/jasig/cas/ticket/AbstractTicket.java
/home/tony/sohu/jasigcas/cas-server-4.0.0/cas-server-core/src/main/java/org/jasig/cas/ticket/InvalidTicketException.java
/home/tony/sohu/jasigcas/cas-server-4.0.0/cas-server-core/src/main/java/org/jasig/cas/ticket/proxy/support/Cas20ProxyHandler.java
/home/tony/sohu/jasigcas/cas-server-4.0.0/cas-server-core/src/main/java/org/jasig/cas/ticket/proxy/support/Cas10ProxyHandler.java
/home/tony/sohu/jasigcas/cas-server-4.0.0/cas-server-core/src/main/java/org/jasig/cas/ticket/proxy/ProxyHandler.java
/home/tony/sohu/jasigcas/cas-server-4.0.0/cas-server-core/src/main/java/org/jasig/cas/ticket/ServiceTicket.java
/home/tony/sohu/jasigcas/cas-server-4.0.0/cas-server-core/src/main/java/org/jasig/cas/ticket/UnsatisfiedAuthenticationPolicyException.java
/home/tony/sohu/jasigcas/cas-server-4.0.0/cas-server-core/src/main/java/org/jasig/cas/ticket/TicketGrantingTicket.java
/home/tony/sohu/jasigcas/cas-server-4.0.0/cas-server-core/src/main/java/org/jasig/cas/ticket/TicketCreationException.java
/home/tony/sohu/jasigcas/cas-server-4.0.0/cas-server-core/src/main/java/org/jasig/cas/ticket/registry/RegistryCleaner.java
/home/tony/sohu/jasigcas/cas-server-4.0.0/cas-server-core/src/main/java/org/jasig/cas/ticket/registry/AbstractDistributedTicketRegistry.java
/home/tony/sohu/jasigcas/cas-server-4.0.0/cas-server-core/src/main/java/org/jasig/cas/ticket/registry/support/DefaultTicketRegistryCleaner.java
/home/tony/sohu/jasigcas/cas-server-4.0.0/cas-server-core/src/main/java/org/jasig/cas/ticket/registry/support/LockingStrategy.java
/home/tony/sohu/jasigcas/cas-server-4.0.0/cas-server-core/src/main/java/org/jasig/cas/ticket/registry/support/NoOpLockingStrategy.java
/home/tony/sohu/jasigcas/cas-server-4.0.0/cas-server-core/src/main/java/org/jasig/cas/ticket/registry/support/JpaLockingStrategy.java
/home/tony/sohu/jasigcas/cas-server-4.0.0/cas-server-core/src/main/java/org/jasig/cas/ticket/registry/DefaultTicketRegistry.java
/home/tony/sohu/jasigcas/cas-server-4.0.0/cas-server-core/src/main/java/org/jasig/cas/ticket/registry/JpaTicketRegistry.java
/home/tony/sohu/jasigcas/cas-server-4.0.0/cas-server-core/src/main/java/org/jasig/cas/ticket/registry/AbstractTicketRegistry.java
/home/tony/sohu/jasigcas/cas-server-4.0.0/cas-server-core/src/main/java/org/jasig/cas/ticket/registry/TicketRegistry.java
/home/tony/sohu/jasigcas/cas-server-4.0.0/cas-server-core/src/main/java/org/jasig/cas/ticket/TicketGrantingTicketImpl.java
/home/tony/sohu/jasigcas/cas-server-4.0.0/cas-server-core/src/main/java/org/jasig/cas/ticket/support/HardTimeoutExpirationPolicy.java
/home/tony/sohu/jasigcas/cas-server-4.0.0/cas-server-core/src/main/java/org/jasig/cas/ticket/support/TimeoutExpirationPolicy.java
/home/tony/sohu/jasigcas/cas-server-4.0.0/cas-server-core/src/main/java/org/jasig/cas/ticket/support/MultiTimeUseOrTimeoutExpirationPolicy.java
/home/tony/sohu/jasigcas/cas-server-4.0.0/cas-server-core/src/main/java/org/jasig/cas/ticket/support/NeverExpiresExpirationPolicy.java
/home/tony/sohu/jasigcas/cas-server-4.0.0/cas-server-core/src/main/java/org/jasig/cas/ticket/support/ThrottledUseAndTimeoutExpirationPolicy.java
/home/tony/sohu/jasigcas/cas-server-4.0.0/cas-server-core/src/main/java/org/jasig/cas/ticket/support/RememberMeDelegatingExpirationPolicy.java
/home/tony/sohu/jasigcas/cas-server-4.0.0/cas-server-core/src/main/java/org/jasig/cas/ticket/support/TicketGrantingTicketExpirationPolicy.java
/home/tony/sohu/jasigcas/cas-server-4.0.0/cas-server-core/src/main/java/org/jasig/cas/ticket/TicketState.java
/home/tony/sohu/jasigcas/cas-server-4.0.0/cas-server-core/src/main/java/org/jasig/cas/ticket/Ticket.java
/home/tony/sohu/jasigcas/cas-server-4.0.0/cas-server-core/src/main/java/org/jasig/cas/ticket/ExpirationPolicy.java
/home/tony/sohu/jasigcas/cas-server-4.0.0/cas-server-core/src/main/java/org/jasig/cas/ticket/TicketValidationException.java
/home/tony/sohu/jasigcas/cas-server-4.0.0/cas-server-core/src/main/java/org/jasig/cas/ticket/ServiceTicketImpl.java
/home/tony/sohu/jasigcas/cas-server-4.0.0/cas-server-core/src/main/java/org/jasig/cas/logout/LogoutManagerImpl.java
/home/tony/sohu/jasigcas/cas-server-4.0.0/cas-server-core/src/main/java/org/jasig/cas/logout/SamlCompliantLogoutMessageCreator.java
/home/tony/sohu/jasigcas/cas-server-4.0.0/cas-server-core/src/main/java/org/jasig/cas/logout/LogoutRequest.java
/home/tony/sohu/jasigcas/cas-server-4.0.0/cas-server-core/src/main/java/org/jasig/cas/logout/LogoutRequestStatus.java
/home/tony/sohu/jasigcas/cas-server-4.0.0/cas-server-core/src/main/java/org/jasig/cas/logout/LogoutMessageCreator.java
/home/tony/sohu/jasigcas/cas-server-4.0.0/cas-server-core/src/main/java/org/jasig/cas/logout/LogoutManager.java
/home/tony/sohu/jasigcas/cas-server-4.0.0/cas-server-core/src/main/java/org/jasig/cas/util/CalendarUtils.java
/home/tony/sohu/jasigcas/cas-server-4.0.0/cas-server-core/src/main/java/org/jasig/cas/util/Pair.java
/home/tony/sohu/jasigcas/cas-server-4.0.0/cas-server-core/src/main/java/org/jasig/cas/util/SimpleHttpClient.java
/home/tony/sohu/jasigcas/cas-server-4.0.0/cas-server-core/src/main/java/org/jasig/cas/util/RandomStringGenerator.java
/home/tony/sohu/jasigcas/cas-server-4.0.0/cas-server-core/src/main/java/org/jasig/cas/util/UniqueTicketIdGenerator.java
/home/tony/sohu/jasigcas/cas-server-4.0.0/cas-server-core/src/main/java/org/jasig/cas/util/NumericGenerator.java
/home/tony/sohu/jasigcas/cas-server-4.0.0/cas-server-core/src/main/java/org/jasig/cas/util/DefaultUniqueTicketIdGenerator.java
/home/tony/sohu/jasigcas/cas-server-4.0.0/cas-server-core/src/main/java/org/jasig/cas/util/CustomBeanValidationPostProcessor.java
/home/tony/sohu/jasigcas/cas-server-4.0.0/cas-server-core/src/main/java/org/jasig/cas/util/SpringAwareMessageMessageInterpolator.java
/home/tony/sohu/jasigcas/cas-server-4.0.0/cas-server-core/src/main/java/org/jasig/cas/util/SamlDateUtils.java
/home/tony/sohu/jasigcas/cas-server-4.0.0/cas-server-core/src/main/java/org/jasig/cas/util/LongNumericGenerator.java
/home/tony/sohu/jasigcas/cas-server-4.0.0/cas-server-core/src/main/java/org/jasig/cas/util/ApplicationContextProvider.java
/home/tony/sohu/jasigcas/cas-server-4.0.0/cas-server-core/src/main/java/org/jasig/cas/util/HttpClient.java
/home/tony/sohu/jasigcas/cas-server-4.0.0/cas-server-core/src/main/java/org/jasig/cas/util/PublicKeyFactoryBean.java
/home/tony/sohu/jasigcas/cas-server-4.0.0/cas-server-core/src/main/java/org/jasig/cas/util/DefaultLongNumericGenerator.java
/home/tony/sohu/jasigcas/cas-server-4.0.0/cas-server-core/src/main/java/org/jasig/cas/util/AopUtils.java
/home/tony/sohu/jasigcas/cas-server-4.0.0/cas-server-core/src/main/java/org/jasig/cas/util/PrivateKeyFactoryBean.java
/home/tony/sohu/jasigcas/cas-server-4.0.0/cas-server-core/src/main/java/org/jasig/cas/util/DefaultRandomStringGenerator.java
